This is pdfTeX, Version 3.141592653-2.6-1.40.25 (TeX Live 2023) (preloaded format=pdflatex 2023.6.6)  10 JUN 2023 14:48
entering extended mode
 restricted \write18 enabled.
 file:line:error style messages enabled.
 %&-line parsing enabled.
**c:/Users/kevin/OneDrive/Documents/School/HSLU/ZLS.22/Cheatsheets/Math/math.tex
(c:/Users/kevin/OneDrive/Documents/School/HSLU/ZLS.22/Cheatsheets/Math/math.tex
LaTeX2e <2022-11-01> patch level 1
L3 programming layer <2023-05-22> (d:/Dev/LatTeX/texlive/2023/texmf-dist/tex/latex/base/article.cls
Document Class: article 2022/07/02 v1.4n Standard LaTeX document class
(d:/Dev/LatTeX/texlive/2023/texmf-dist/tex/latex/base/size12.clo
File: size12.clo 2022/07/02 v1.4n Standard LaTeX file (size option)
)
\c@part=\count185
\c@section=\count186
\c@subsection=\count187
\c@subsubsection=\count188
\c@paragraph=\count189
\c@subparagraph=\count190
\c@figure=\count191
\c@table=\count192
\abovecaptionskip=\skip48
\belowcaptionskip=\skip49
\bibindent=\dimen140
) (d:/Dev/LatTeX/texlive/2023/texmf-dist/tex/latex/geometry/geometry.sty
Package: geometry 2020/01/02 v5.9 Page Geometry
 (d:/Dev/LatTeX/texlive/2023/texmf-dist/tex/latex/graphics/keyval.sty
Package: keyval 2022/05/29 v1.15 key=value parser (DPC)
\KV@toks@=\toks16
) (d:/Dev/LatTeX/texlive/2023/texmf-dist/tex/generic/iftex/ifvtex.sty
Package: ifvtex 2019/10/25 v1.7 ifvtex legacy package. Use iftex instead.
 (d:/Dev/LatTeX/texlive/2023/texmf-dist/tex/generic/iftex/iftex.sty
Package: iftex 2022/02/03 v1.0f TeX engine tests
))
\Gm@cnth=\count193
\Gm@cntv=\count194
\c@Gm@tempcnt=\count195
\Gm@bindingoffset=\dimen141
\Gm@wd@mp=\dimen142
\Gm@odd@mp=\dimen143
\Gm@even@mp=\dimen144
\Gm@layoutwidth=\dimen145
\Gm@layoutheight=\dimen146
\Gm@layouthoffset=\dimen147
\Gm@layoutvoffset=\dimen148
\Gm@dimlist=\toks17
) (d:/Dev/LatTeX/texlive/2023/texmf-dist/tex/latex/amsmath/amsmath.sty
Package: amsmath 2022/04/08 v2.17n AMS math features
\@mathmargin=\skip50

For additional information on amsmath, use the `?' option.
(d:/Dev/LatTeX/texlive/2023/texmf-dist/tex/latex/amsmath/amstext.sty
Package: amstext 2021/08/26 v2.01 AMS text
 (d:/Dev/LatTeX/texlive/2023/texmf-dist/tex/latex/amsmath/amsgen.sty
File: amsgen.sty 1999/11/30 v2.0 generic functions
\@emptytoks=\toks18
\ex@=\dimen149
)) (d:/Dev/LatTeX/texlive/2023/texmf-dist/tex/latex/amsmath/amsbsy.sty
Package: amsbsy 1999/11/29 v1.2d Bold Symbols
\pmbraise@=\dimen150
) (d:/Dev/LatTeX/texlive/2023/texmf-dist/tex/latex/amsmath/amsopn.sty
Package: amsopn 2022/04/08 v2.04 operator names
)
\inf@bad=\count196
LaTeX Info: Redefining \frac on input line 234.
\uproot@=\count197
\leftroot@=\count198
LaTeX Info: Redefining \overline on input line 399.
LaTeX Info: Redefining \colon on input line 410.
\classnum@=\count199
\DOTSCASE@=\count266
LaTeX Info: Redefining \ldots on input line 496.
LaTeX Info: Redefining \dots on input line 499.
LaTeX Info: Redefining \cdots on input line 620.
\Mathstrutbox@=\box51
\strutbox@=\box52
LaTeX Info: Redefining \big on input line 722.
LaTeX Info: Redefining \Big on input line 723.
LaTeX Info: Redefining \bigg on input line 724.
LaTeX Info: Redefining \Bigg on input line 725.
\big@size=\dimen151
LaTeX Font Info:    Redeclaring font encoding OML on input line 743.
LaTeX Font Info:    Redeclaring font encoding OMS on input line 744.
\macc@depth=\count267
LaTeX Info: Redefining \bmod on input line 905.
LaTeX Info: Redefining \pmod on input line 910.
LaTeX Info: Redefining \smash on input line 940.
LaTeX Info: Redefining \relbar on input line 970.
LaTeX Info: Redefining \Relbar on input line 971.
\c@MaxMatrixCols=\count268
\dotsspace@=\muskip16
\c@parentequation=\count269
\dspbrk@lvl=\count270
\tag@help=\toks19
\row@=\count271
\column@=\count272
\maxfields@=\count273
\andhelp@=\toks20
\eqnshift@=\dimen152
\alignsep@=\dimen153
\tagshift@=\dimen154
\tagwidth@=\dimen155
\totwidth@=\dimen156
\lineht@=\dimen157
\@envbody=\toks21
\multlinegap=\skip51
\multlinetaggap=\skip52
\mathdisplay@stack=\toks22
LaTeX Info: Redefining \[ on input line 2953.
LaTeX Info: Redefining \] on input line 2954.
) (d:/Dev/LatTeX/texlive/2023/texmf-dist/tex/latex/amsfonts/amssymb.sty
Package: amssymb 2013/01/14 v3.01 AMS font symbols
 (d:/Dev/LatTeX/texlive/2023/texmf-dist/tex/latex/amsfonts/amsfonts.sty
Package: amsfonts 2013/01/14 v3.01 Basic AMSFonts support
\symAMSa=\mathgroup4
\symAMSb=\mathgroup5
LaTeX Font Info:    Redeclaring math symbol \hbar on input line 98.
LaTeX Font Info:    Overwriting math alphabet `\mathfrak' in version `bold'
(Font)                  U/euf/m/n --> U/euf/b/n on input line 106.
)) (d:/Dev/LatTeX/texlive/2023/texmf-dist/tex/latex/jknapltx/mathrsfs.sty
Package: mathrsfs 1996/01/01 Math RSFS package v1.0 (jk)
\symrsfs=\mathgroup6
) (d:/Dev/LatTeX/texlive/2023/texmf-dist/tex/latex/pgfplots/pgfplots.sty (d:/Dev/LatTeX/texlive/2023/texmf-dist/tex/generic/pgfplots/pgfplots.revision.tex)
Package: pgfplots 2021/05/15 v1.18.1 Data Visualization (1.18.1)
 (d:/Dev/LatTeX/texlive/2023/texmf-dist/tex/latex/graphics/graphicx.sty
Package: graphicx 2021/09/16 v1.2d Enhanced LaTeX Graphics (DPC,SPQR)
 (d:/Dev/LatTeX/texlive/2023/texmf-dist/tex/latex/graphics/graphics.sty
Package: graphics 2022/03/10 v1.4e Standard LaTeX Graphics (DPC,SPQR)
 (d:/Dev/LatTeX/texlive/2023/texmf-dist/tex/latex/graphics/trig.sty
Package: trig 2021/08/11 v1.11 sin cos tan (DPC)
) (d:/Dev/LatTeX/texlive/2023/texmf-dist/tex/latex/graphics-cfg/graphics.cfg
File: graphics.cfg 2016/06/04 v1.11 sample graphics configuration
)
Package graphics Info: Driver file: pdftex.def on input line 107.
 (d:/Dev/LatTeX/texlive/2023/texmf-dist/tex/latex/graphics-def/pdftex.def
File: pdftex.def 2022/09/22 v1.2b Graphics/color driver for pdftex
))
\Gin@req@height=\dimen158
\Gin@req@width=\dimen159
) (d:/Dev/LatTeX/texlive/2023/texmf-dist/tex/latex/pgf/frontendlayer/tikz.sty (d:/Dev/LatTeX/texlive/2023/texmf-dist/tex/latex/pgf/basiclayer/pgf.sty (d:/Dev/LatTeX/texlive/2023/texmf-dist/tex/latex/pgf/utilities/pgfrcs.sty (d:/Dev/LatTeX/texlive/2023/texmf-dist/tex/generic/pgf/utilities/pgfutil-common.tex
\pgfutil@everybye=\toks23
\pgfutil@tempdima=\dimen160
\pgfutil@tempdimb=\dimen161
) (d:/Dev/LatTeX/texlive/2023/texmf-dist/tex/generic/pgf/utilities/pgfutil-latex.def
\pgfutil@abb=\box53
) (d:/Dev/LatTeX/texlive/2023/texmf-dist/tex/generic/pgf/utilities/pgfrcs.code.tex (d:/Dev/LatTeX/texlive/2023/texmf-dist/tex/generic/pgf/pgf.revision.tex)
Package: pgfrcs 2023-01-15 v3.1.10 (3.1.10)
))
Package: pgf 2023-01-15 v3.1.10 (3.1.10)
 (d:/Dev/LatTeX/texlive/2023/texmf-dist/tex/latex/pgf/basiclayer/pgfcore.sty (d:/Dev/LatTeX/texlive/2023/texmf-dist/tex/latex/pgf/systemlayer/pgfsys.sty (d:/Dev/LatTeX/texlive/2023/texmf-dist/tex/generic/pgf/systemlayer/pgfsys.code.tex
Package: pgfsys 2023-01-15 v3.1.10 (3.1.10)
 (d:/Dev/LatTeX/texlive/2023/texmf-dist/tex/generic/pgf/utilities/pgfkeys.code.tex
\pgfkeys@pathtoks=\toks24
\pgfkeys@temptoks=\toks25
 (d:/Dev/LatTeX/texlive/2023/texmf-dist/tex/generic/pgf/utilities/pgfkeyslibraryfiltered.code.tex
\pgfkeys@tmptoks=\toks26
))
\pgf@x=\dimen162
\pgf@y=\dimen163
\pgf@xa=\dimen164
\pgf@ya=\dimen165
\pgf@xb=\dimen166
\pgf@yb=\dimen167
\pgf@xc=\dimen168
\pgf@yc=\dimen169
\pgf@xd=\dimen170
\pgf@yd=\dimen171
\w@pgf@writea=\write3
\r@pgf@reada=\read2
\c@pgf@counta=\count274
\c@pgf@countb=\count275
\c@pgf@countc=\count276
\c@pgf@countd=\count277
\t@pgf@toka=\toks27
\t@pgf@tokb=\toks28
\t@pgf@tokc=\toks29
\pgf@sys@id@count=\count278
 (d:/Dev/LatTeX/texlive/2023/texmf-dist/tex/generic/pgf/systemlayer/pgf.cfg
File: pgf.cfg 2023-01-15 v3.1.10 (3.1.10)
)
Driver file for pgf: pgfsys-pdftex.def
 (d:/Dev/LatTeX/texlive/2023/texmf-dist/tex/generic/pgf/systemlayer/pgfsys-pdftex.def
File: pgfsys-pdftex.def 2023-01-15 v3.1.10 (3.1.10)
 (d:/Dev/LatTeX/texlive/2023/texmf-dist/tex/generic/pgf/systemlayer/pgfsys-common-pdf.def
File: pgfsys-common-pdf.def 2023-01-15 v3.1.10 (3.1.10)
))) (d:/Dev/LatTeX/texlive/2023/texmf-dist/tex/generic/pgf/systemlayer/pgfsyssoftpath.code.tex
File: pgfsyssoftpath.code.tex 2023-01-15 v3.1.10 (3.1.10)
\pgfsyssoftpath@smallbuffer@items=\count279
\pgfsyssoftpath@bigbuffer@items=\count280
) (d:/Dev/LatTeX/texlive/2023/texmf-dist/tex/generic/pgf/systemlayer/pgfsysprotocol.code.tex
File: pgfsysprotocol.code.tex 2023-01-15 v3.1.10 (3.1.10)
)) (d:/Dev/LatTeX/texlive/2023/texmf-dist/tex/latex/xcolor/xcolor.sty
Package: xcolor 2022/06/12 v2.14 LaTeX color extensions (UK)
 (d:/Dev/LatTeX/texlive/2023/texmf-dist/tex/latex/graphics-cfg/color.cfg
File: color.cfg 2016/01/02 v1.6 sample color configuration
)
Package xcolor Info: Driver file: pdftex.def on input line 227.
 (d:/Dev/LatTeX/texlive/2023/texmf-dist/tex/latex/graphics/mathcolor.ltx)
Package xcolor Info: Model `cmy' substituted by `cmy0' on input line 1353.
Package xcolor Info: Model `hsb' substituted by `rgb' on input line 1357.
Package xcolor Info: Model `RGB' extended on input line 1369.
Package xcolor Info: Model `HTML' substituted by `rgb' on input line 1371.
Package xcolor Info: Model `Hsb' substituted by `hsb' on input line 1372.
Package xcolor Info: Model `tHsb' substituted by `hsb' on input line 1373.
Package xcolor Info: Model `HSB' substituted by `hsb' on input line 1374.
Package xcolor Info: Model `Gray' substituted by `gray' on input line 1375.
Package xcolor Info: Model `wave' substituted by `hsb' on input line 1376.
) (d:/Dev/LatTeX/texlive/2023/texmf-dist/tex/generic/pgf/basiclayer/pgfcore.code.tex
Package: pgfcore 2023-01-15 v3.1.10 (3.1.10)
 (d:/Dev/LatTeX/texlive/2023/texmf-dist/tex/generic/pgf/math/pgfmath.code.tex (d:/Dev/LatTeX/texlive/2023/texmf-dist/tex/generic/pgf/math/pgfmathutil.code.tex) (d:/Dev/LatTeX/texlive/2023/texmf-dist/tex/generic/pgf/math/pgfmathparser.code.tex
\pgfmath@dimen=\dimen172
\pgfmath@count=\count281
\pgfmath@box=\box54
\pgfmath@toks=\toks30
\pgfmath@stack@operand=\toks31
\pgfmath@stack@operation=\toks32
) (d:/Dev/LatTeX/texlive/2023/texmf-dist/tex/generic/pgf/math/pgfmathfunctions.code.tex) (d:/Dev/LatTeX/texlive/2023/texmf-dist/tex/generic/pgf/math/pgfmathfunctions.basic.code.tex) (d:/Dev/LatTeX/texlive/2023/texmf-dist/tex/generic/pgf/math/pgfmathfunctions.trigonometric.code.tex) (d:/Dev/LatTeX/texlive/2023/texmf-dist/tex/generic/pgf/math/pgfmathfunctions.random.code.tex) (d:/Dev/LatTeX/texlive/2023/texmf-dist/tex/generic/pgf/math/pgfmathfunctions.comparison.code.tex) (d:/Dev/LatTeX/texlive/2023/texmf-dist/tex/generic/pgf/math/pgfmathfunctions.base.code.tex) (d:/Dev/LatTeX/texlive/2023/texmf-dist/tex/generic/pgf/math/pgfmathfunctions.round.code.tex) (d:/Dev/LatTeX/texlive/2023/texmf-dist/tex/generic/pgf/math/pgfmathfunctions.misc.code.tex) (d:/Dev/LatTeX/texlive/2023/texmf-dist/tex/generic/pgf/math/pgfmathfunctions.integerarithmetics.code.tex) (d:/Dev/LatTeX/texlive/2023/texmf-dist/tex/generic/pgf/math/pgfmathcalc.code.tex) (d:/Dev/LatTeX/texlive/2023/texmf-dist/tex/generic/pgf/math/pgfmathfloat.code.tex
\c@pgfmathroundto@lastzeros=\count282
)) (d:/Dev/LatTeX/texlive/2023/texmf-dist/tex/generic/pgf/math/pgfint.code.tex) (d:/Dev/LatTeX/texlive/2023/texmf-dist/tex/generic/pgf/basiclayer/pgfcorepoints.code.tex
File: pgfcorepoints.code.tex 2023-01-15 v3.1.10 (3.1.10)
\pgf@picminx=\dimen173
\pgf@picmaxx=\dimen174
\pgf@picminy=\dimen175
\pgf@picmaxy=\dimen176
\pgf@pathminx=\dimen177
\pgf@pathmaxx=\dimen178
\pgf@pathminy=\dimen179
\pgf@pathmaxy=\dimen180
\pgf@xx=\dimen181
\pgf@xy=\dimen182
\pgf@yx=\dimen183
\pgf@yy=\dimen184
\pgf@zx=\dimen185
\pgf@zy=\dimen186
) (d:/Dev/LatTeX/texlive/2023/texmf-dist/tex/generic/pgf/basiclayer/pgfcorepathconstruct.code.tex
File: pgfcorepathconstruct.code.tex 2023-01-15 v3.1.10 (3.1.10)
\pgf@path@lastx=\dimen187
\pgf@path@lasty=\dimen188
) (d:/Dev/LatTeX/texlive/2023/texmf-dist/tex/generic/pgf/basiclayer/pgfcorepathusage.code.tex
File: pgfcorepathusage.code.tex 2023-01-15 v3.1.10 (3.1.10)
\pgf@shorten@end@additional=\dimen189
\pgf@shorten@start@additional=\dimen190
) (d:/Dev/LatTeX/texlive/2023/texmf-dist/tex/generic/pgf/basiclayer/pgfcorescopes.code.tex
File: pgfcorescopes.code.tex 2023-01-15 v3.1.10 (3.1.10)
\pgfpic=\box55
\pgf@hbox=\box56
\pgf@layerbox@main=\box57
\pgf@picture@serial@count=\count283
) (d:/Dev/LatTeX/texlive/2023/texmf-dist/tex/generic/pgf/basiclayer/pgfcoregraphicstate.code.tex
File: pgfcoregraphicstate.code.tex 2023-01-15 v3.1.10 (3.1.10)
\pgflinewidth=\dimen191
) (d:/Dev/LatTeX/texlive/2023/texmf-dist/tex/generic/pgf/basiclayer/pgfcoretransformations.code.tex
File: pgfcoretransformations.code.tex 2023-01-15 v3.1.10 (3.1.10)
\pgf@pt@x=\dimen192
\pgf@pt@y=\dimen193
\pgf@pt@temp=\dimen194
) (d:/Dev/LatTeX/texlive/2023/texmf-dist/tex/generic/pgf/basiclayer/pgfcorequick.code.tex
File: pgfcorequick.code.tex 2023-01-15 v3.1.10 (3.1.10)
) (d:/Dev/LatTeX/texlive/2023/texmf-dist/tex/generic/pgf/basiclayer/pgfcoreobjects.code.tex
File: pgfcoreobjects.code.tex 2023-01-15 v3.1.10 (3.1.10)
) (d:/Dev/LatTeX/texlive/2023/texmf-dist/tex/generic/pgf/basiclayer/pgfcorepathprocessing.code.tex
File: pgfcorepathprocessing.code.tex 2023-01-15 v3.1.10 (3.1.10)
) (d:/Dev/LatTeX/texlive/2023/texmf-dist/tex/generic/pgf/basiclayer/pgfcorearrows.code.tex
File: pgfcorearrows.code.tex 2023-01-15 v3.1.10 (3.1.10)
\pgfarrowsep=\dimen195
) (d:/Dev/LatTeX/texlive/2023/texmf-dist/tex/generic/pgf/basiclayer/pgfcoreshade.code.tex
File: pgfcoreshade.code.tex 2023-01-15 v3.1.10 (3.1.10)
\pgf@max=\dimen196
\pgf@sys@shading@range@num=\count284
\pgf@shadingcount=\count285
) (d:/Dev/LatTeX/texlive/2023/texmf-dist/tex/generic/pgf/basiclayer/pgfcoreimage.code.tex
File: pgfcoreimage.code.tex 2023-01-15 v3.1.10 (3.1.10)
) (d:/Dev/LatTeX/texlive/2023/texmf-dist/tex/generic/pgf/basiclayer/pgfcoreexternal.code.tex
File: pgfcoreexternal.code.tex 2023-01-15 v3.1.10 (3.1.10)
\pgfexternal@startupbox=\box58
) (d:/Dev/LatTeX/texlive/2023/texmf-dist/tex/generic/pgf/basiclayer/pgfcorelayers.code.tex
File: pgfcorelayers.code.tex 2023-01-15 v3.1.10 (3.1.10)
) (d:/Dev/LatTeX/texlive/2023/texmf-dist/tex/generic/pgf/basiclayer/pgfcoretransparency.code.tex
File: pgfcoretransparency.code.tex 2023-01-15 v3.1.10 (3.1.10)
) (d:/Dev/LatTeX/texlive/2023/texmf-dist/tex/generic/pgf/basiclayer/pgfcorepatterns.code.tex
File: pgfcorepatterns.code.tex 2023-01-15 v3.1.10 (3.1.10)
) (d:/Dev/LatTeX/texlive/2023/texmf-dist/tex/generic/pgf/basiclayer/pgfcorerdf.code.tex
File: pgfcorerdf.code.tex 2023-01-15 v3.1.10 (3.1.10)
))) (d:/Dev/LatTeX/texlive/2023/texmf-dist/tex/generic/pgf/modules/pgfmoduleshapes.code.tex
File: pgfmoduleshapes.code.tex 2023-01-15 v3.1.10 (3.1.10)
\pgfnodeparttextbox=\box59
) (d:/Dev/LatTeX/texlive/2023/texmf-dist/tex/generic/pgf/modules/pgfmoduleplot.code.tex
File: pgfmoduleplot.code.tex 2023-01-15 v3.1.10 (3.1.10)
) (d:/Dev/LatTeX/texlive/2023/texmf-dist/tex/latex/pgf/compatibility/pgfcomp-version-0-65.sty
Package: pgfcomp-version-0-65 2023-01-15 v3.1.10 (3.1.10)
\pgf@nodesepstart=\dimen197
\pgf@nodesepend=\dimen198
) (d:/Dev/LatTeX/texlive/2023/texmf-dist/tex/latex/pgf/compatibility/pgfcomp-version-1-18.sty
Package: pgfcomp-version-1-18 2023-01-15 v3.1.10 (3.1.10)
)) (d:/Dev/LatTeX/texlive/2023/texmf-dist/tex/latex/pgf/utilities/pgffor.sty (d:/Dev/LatTeX/texlive/2023/texmf-dist/tex/latex/pgf/utilities/pgfkeys.sty (d:/Dev/LatTeX/texlive/2023/texmf-dist/tex/generic/pgf/utilities/pgfkeys.code.tex)) (d:/Dev/LatTeX/texlive/2023/texmf-dist/tex/latex/pgf/math/pgfmath.sty (d:/Dev/LatTeX/texlive/2023/texmf-dist/tex/generic/pgf/math/pgfmath.code.tex)) (d:/Dev/LatTeX/texlive/2023/texmf-dist/tex/generic/pgf/utilities/pgffor.code.tex
Package: pgffor 2023-01-15 v3.1.10 (3.1.10)
\pgffor@iter=\dimen199
\pgffor@skip=\dimen256
\pgffor@stack=\toks33
\pgffor@toks=\toks34
)) (d:/Dev/LatTeX/texlive/2023/texmf-dist/tex/generic/pgf/frontendlayer/tikz/tikz.code.tex
Package: tikz 2023-01-15 v3.1.10 (3.1.10)
 (d:/Dev/LatTeX/texlive/2023/texmf-dist/tex/generic/pgf/libraries/pgflibraryplothandlers.code.tex
File: pgflibraryplothandlers.code.tex 2023-01-15 v3.1.10 (3.1.10)
\pgf@plot@mark@count=\count286
\pgfplotmarksize=\dimen257
)
\tikz@lastx=\dimen258
\tikz@lasty=\dimen259
\tikz@lastxsaved=\dimen260
\tikz@lastysaved=\dimen261
\tikz@lastmovetox=\dimen262
\tikz@lastmovetoy=\dimen263
\tikzleveldistance=\dimen264
\tikzsiblingdistance=\dimen265
\tikz@figbox=\box60
\tikz@figbox@bg=\box61
\tikz@tempbox=\box62
\tikz@tempbox@bg=\box63
\tikztreelevel=\count287
\tikznumberofchildren=\count288
\tikznumberofcurrentchild=\count289
\tikz@fig@count=\count290
 (d:/Dev/LatTeX/texlive/2023/texmf-dist/tex/generic/pgf/modules/pgfmodulematrix.code.tex
File: pgfmodulematrix.code.tex 2023-01-15 v3.1.10 (3.1.10)
\pgfmatrixcurrentrow=\count291
\pgfmatrixcurrentcolumn=\count292
\pgf@matrix@numberofcolumns=\count293
)
\tikz@expandcount=\count294
 (d:/Dev/LatTeX/texlive/2023/texmf-dist/tex/generic/pgf/frontendlayer/tikz/libraries/tikzlibrarytopaths.code.tex
File: tikzlibrarytopaths.code.tex 2023-01-15 v3.1.10 (3.1.10)
))) (d:/Dev/LatTeX/texlive/2023/texmf-dist/tex/generic/pgfplots/pgfplots.code.tex (d:/Dev/LatTeX/texlive/2023/texmf-dist/tex/generic/pgfplots/pgfplotscore.code.tex
\t@pgfplots@toka=\toks35
\t@pgfplots@tokb=\toks36
\t@pgfplots@tokc=\toks37
\pgfplots@tmpa=\dimen266
\c@pgfplots@coordindex=\count295
\c@pgfplots@scanlineindex=\count296
 (d:/Dev/LatTeX/texlive/2023/texmf-dist/tex/generic/pgfplots/sys/pgfplotssysgeneric.code.tex)) (d:/Dev/LatTeX/texlive/2023/texmf-dist/tex/generic/pgfplots/libs/pgfplotslibrary.code.tex) (d:/Dev/LatTeX/texlive/2023/texmf-dist/tex/generic/pgfplots/oldpgfcompatib/pgfplotsoldpgfsupp_loader.code.tex (d:/Dev/LatTeX/texlive/2023/texmf-dist/tex/generic/pgf/libraries/pgflibraryfpu.code.tex)
Package pgfplots: loading complementary utilities for your pgf version...
\t@pgf@toka=\toks38
\t@pgf@tokb=\toks39
\t@pgf@tokc=\toks40
(d:/Dev/LatTeX/texlive/2023/texmf-dist/tex/generic/pgfplots/oldpgfcompatib/pgfplotsoldpgfsupp_pgfutil-common-lists.tex)) (d:/Dev/LatTeX/texlive/2023/texmf-dist/tex/generic/pgfplots/util/pgfplotsutil.code.tex (d:/Dev/LatTeX/texlive/2023/texmf-dist/tex/generic/pgfplots/liststructure/pgfplotsliststructure.code.tex) (d:/Dev/LatTeX/texlive/2023/texmf-dist/tex/generic/pgfplots/liststructure/pgfplotsliststructureext.code.tex) (d:/Dev/LatTeX/texlive/2023/texmf-dist/tex/generic/pgfplots/liststructure/pgfplotsarray.code.tex
\c@pgfplotsarray@tmp=\count297
) (d:/Dev/LatTeX/texlive/2023/texmf-dist/tex/generic/pgfplots/liststructure/pgfplotsmatrix.code.tex) (d:/Dev/LatTeX/texlive/2023/texmf-dist/tex/generic/pgfplots/numtable/pgfplotstableshared.code.tex
\c@pgfplotstable@counta=\count298
\t@pgfplotstable@a=\toks41
) (d:/Dev/LatTeX/texlive/2023/texmf-dist/tex/generic/pgfplots/liststructure/pgfplotsdeque.code.tex) (d:/Dev/LatTeX/texlive/2023/texmf-dist/tex/generic/pgfplots/util/pgfplotsbinary.code.tex (d:/Dev/LatTeX/texlive/2023/texmf-dist/tex/generic/pgfplots/util/pgfplotsbinary.data.code.tex)) (d:/Dev/LatTeX/texlive/2023/texmf-dist/tex/generic/pgfplots/util/pgfplotsutil.verb.code.tex) (d:/Dev/LatTeX/texlive/2023/texmf-dist/tex/generic/pgfplots/libs/pgflibrarypgfplots.surfshading.code.tex
\c@pgfplotslibrarysurf@no=\count299
 (d:/Dev/LatTeX/texlive/2023/texmf-dist/tex/generic/pgfplots/sys/pgflibrarypgfplots.surfshading.pgfsys-pdftex.def))) (d:/Dev/LatTeX/texlive/2023/texmf-dist/tex/generic/pgfplots/util/pgfplotscolormap.code.tex (d:/Dev/LatTeX/texlive/2023/texmf-dist/tex/generic/pgfplots/util/pgfplotscolor.code.tex)) (d:/Dev/LatTeX/texlive/2023/texmf-dist/tex/generic/pgfplots/pgfplotsstackedplots.code.tex) (d:/Dev/LatTeX/texlive/2023/texmf-dist/tex/generic/pgfplots/pgfplotsplothandlers.code.tex (d:/Dev/LatTeX/texlive/2023/texmf-dist/tex/generic/pgfplots/pgfplotsmeshplothandler.code.tex (d:/Dev/LatTeX/texlive/2023/texmf-dist/tex/generic/pgfplots/pgfplotsmeshplotimage.code.tex))) (d:/Dev/LatTeX/texlive/2023/texmf-dist/tex/generic/pgfplots/pgfplots.scaling.code.tex) (d:/Dev/LatTeX/texlive/2023/texmf-dist/tex/generic/pgfplots/pgfplotscoordprocessing.code.tex) (d:/Dev/LatTeX/texlive/2023/texmf-dist/tex/generic/pgfplots/pgfplots.errorbars.code.tex) (d:/Dev/LatTeX/texlive/2023/texmf-dist/tex/generic/pgfplots/pgfplots.markers.code.tex) (d:/Dev/LatTeX/texlive/2023/texmf-dist/tex/generic/pgfplots/pgfplotsticks.code.tex) (d:/Dev/LatTeX/texlive/2023/texmf-dist/tex/generic/pgfplots/pgfplots.paths.code.tex) (d:/Dev/LatTeX/texlive/2023/texmf-dist/tex/generic/pgf/frontendlayer/tikz/libraries/tikzlibrarydecorations.code.tex (d:/Dev/LatTeX/texlive/2023/texmf-dist/tex/generic/pgf/modules/pgfmoduledecorations.code.tex
\pgfdecoratedcompleteddistance=\dimen267
\pgfdecoratedremainingdistance=\dimen268
\pgfdecoratedinputsegmentcompleteddistance=\dimen269
\pgfdecoratedinputsegmentremainingdistance=\dimen270
\pgf@decorate@distancetomove=\dimen271
\pgf@decorate@repeatstate=\count300
\pgfdecorationsegmentamplitude=\dimen272
\pgfdecorationsegmentlength=\dimen273
)
\tikz@lib@dec@box=\box64
) (d:/Dev/LatTeX/texlive/2023/texmf-dist/tex/generic/pgf/frontendlayer/tikz/libraries/tikzlibrarydecorations.pathmorphing.code.tex (d:/Dev/LatTeX/texlive/2023/texmf-dist/tex/generic/pgf/libraries/decorations/pgflibrarydecorations.pathmorphing.code.tex)) (d:/Dev/LatTeX/texlive/2023/texmf-dist/tex/generic/pgf/frontendlayer/tikz/libraries/tikzlibrarydecorations.pathreplacing.code.tex (d:/Dev/LatTeX/texlive/2023/texmf-dist/tex/generic/pgf/libraries/decorations/pgflibrarydecorations.pathreplacing.code.tex)) (d:/Dev/LatTeX/texlive/2023/texmf-dist/tex/generic/pgfplots/libs/tikzlibrarypgfplots.contourlua.code.tex)
\pgfplots@numplots=\count301
\pgfplots@xmin@reg=\dimen274
\pgfplots@xmax@reg=\dimen275
\pgfplots@ymin@reg=\dimen276
\pgfplots@ymax@reg=\dimen277
\pgfplots@zmin@reg=\dimen278
\pgfplots@zmax@reg=\dimen279
) (d:/Dev/LatTeX/texlive/2023/texmf-dist/tex/generic/pgf/frontendlayer/tikz/libraries/tikzlibraryplotmarks.code.tex
File: tikzlibraryplotmarks.code.tex 2023-01-15 v3.1.10 (3.1.10)
 (d:/Dev/LatTeX/texlive/2023/texmf-dist/tex/generic/pgf/libraries/pgflibraryplotmarks.code.tex
File: pgflibraryplotmarks.code.tex 2023-01-15 v3.1.10 (3.1.10)
))) (d:/Dev/LatTeX/texlive/2023/texmf-dist/tex/latex/tools/multicol.sty
Package: multicol 2021/11/30 v1.9d multicolumn formatting (FMi)
\c@tracingmulticols=\count302
\mult@box=\box65
\multicol@leftmargin=\dimen280
\c@unbalance=\count303
\c@collectmore=\count304
\doublecol@number=\count305
\multicoltolerance=\count306
\multicolpretolerance=\count307
\full@width=\dimen281
\page@free=\dimen282
\premulticols=\dimen283
\postmulticols=\dimen284
\multicolsep=\skip53
\multicolbaselineskip=\skip54
\partial@page=\box66
\last@line=\box67
\maxbalancingoverflow=\dimen285
\mult@rightbox=\box68
\mult@grightbox=\box69
\mult@firstbox=\box70
\mult@gfirstbox=\box71
\@tempa=\box72
\@tempa=\box73
\@tempa=\box74
\@tempa=\box75
\@tempa=\box76
\@tempa=\box77
\@tempa=\box78
\@tempa=\box79
\@tempa=\box80
\@tempa=\box81
\@tempa=\box82
\@tempa=\box83
\@tempa=\box84
\@tempa=\box85
\@tempa=\box86
\@tempa=\box87
\@tempa=\box88
\@tempa=\box89
\@tempa=\box90
\@tempa=\box91
\@tempa=\box92
\@tempa=\box93
\@tempa=\box94
\@tempa=\box95
\@tempa=\box96
\@tempa=\box97
\@tempa=\box98
\@tempa=\box99
\@tempa=\box100
\@tempa=\box101
\@tempa=\box102
\@tempa=\box103
\@tempa=\box104
\@tempa=\box105
\@tempa=\box106
\@tempa=\box107
\c@minrows=\count308
\c@columnbadness=\count309
\c@finalcolumnbadness=\count310
\last@try=\dimen286
\multicolovershoot=\dimen287
\multicolundershoot=\dimen288
\mult@nat@firstbox=\box108
\colbreak@box=\box109
\mc@col@check@num=\count311
) (d:/Dev/LatTeX/texlive/2023/texmf-dist/tex/latex/sectsty/sectsty.sty
Package: sectsty 2002/02/25 v2.0.2 Commands to change all sectional heading styles


LaTeX Warning: Command \underbar  has changed.
               Check if current package is valid.


LaTeX Warning: Command \underline  has changed.
               Check if current package is valid.

) (d:/Dev/LatTeX/texlive/2023/texmf-dist/tex/latex/fancyhdr/fancyhdr.sty
Package: fancyhdr 2022/11/09 v4.1 Extensive control of page headers and footers
\f@nch@headwidth=\skip55
\f@nch@O@elh=\skip56
\f@nch@O@erh=\skip57
\f@nch@O@olh=\skip58
\f@nch@O@orh=\skip59
\f@nch@O@elf=\skip60
\f@nch@O@erf=\skip61
\f@nch@O@olf=\skip62
\f@nch@O@orf=\skip63
) (d:/Dev/LatTeX/texlive/2023/texmf-dist/tex/latex/tools/tabularx.sty
Package: tabularx 2020/01/15 v2.11c `tabularx' package (DPC)
 (d:/Dev/LatTeX/texlive/2023/texmf-dist/tex/latex/tools/array.sty
Package: array 2022/09/04 v2.5g Tabular extension package (FMi)
\col@sep=\dimen289
\ar@mcellbox=\box110
\extrarowheight=\dimen290
\NC@list=\toks42
\extratabsurround=\skip64
\backup@length=\skip65
\ar@cellbox=\box111
)
\TX@col@width=\dimen291
\TX@old@table=\dimen292
\TX@old@col=\dimen293
\TX@target=\dimen294
\TX@delta=\dimen295
\TX@cols=\count312
\TX@ftn=\toks43
) (d:/Dev/LatTeX/texlive/2023/texmf-dist/tex/latex/l3backend/l3backend-pdftex.def
File: l3backend-pdftex.def 2023-04-19 L3 backend support: PDF output (pdfTeX)
\l__color_backend_stack_int=\count313
\l__pdf_internal_box=\box112
) (./math.aux (./equations/equations.aux) (./functions/functions.aux) (./trig/trig.aux) (./vectors/vectors.aux))
\openout1 = `math.aux'.

LaTeX Font Info:    Checking defaults for OML/cmm/m/it on input line 38.
LaTeX Font Info:    ... okay on input line 38.
LaTeX Font Info:    Checking defaults for OMS/cmsy/m/n on input line 38.
LaTeX Font Info:    ... okay on input line 38.
LaTeX Font Info:    Checking defaults for OT1/cmr/m/n on input line 38.
LaTeX Font Info:    ... okay on input line 38.
LaTeX Font Info:    Checking defaults for T1/cmr/m/n on input line 38.
LaTeX Font Info:    ... okay on input line 38.
LaTeX Font Info:    Checking defaults for TS1/cmr/m/n on input line 38.
LaTeX Font Info:    ... okay on input line 38.
LaTeX Font Info:    Checking defaults for OMX/cmex/m/n on input line 38.
LaTeX Font Info:    ... okay on input line 38.
LaTeX Font Info:    Checking defaults for U/cmr/m/n on input line 38.
LaTeX Font Info:    ... okay on input line 38.

*geometry* driver: auto-detecting
*geometry* detected driver: pdftex
*geometry* verbose mode - [ preamble ] result:
* driver: pdftex
* paper: a4paper
* layout: <same size as paper>
* layoutoffset:(h,v)=(0.0pt,0.0pt)
* modes: landscape 
* h-part:(L,W,R)=(42.67912pt, 759.6886pt, 42.67912pt)
* v-part:(T,H,B)=(42.67912pt, 512.14963pt, 42.67912pt)
* \paperwidth=845.04684pt
* \paperheight=597.50787pt
* \textwidth=759.6886pt
* \textheight=512.14963pt
* \oddsidemargin=-29.59087pt
* \evensidemargin=-29.59087pt
* \topmargin=-66.59087pt
* \headheight=12.0pt
* \headsep=25.0pt
* \topskip=12.0pt
* \footskip=30.0pt
* \marginparwidth=44.0pt
* \marginparsep=10.0pt
* \columnsep=10.0pt
* \skip\footins=10.8pt plus 4.0pt minus 2.0pt
* \hoffset=0.0pt
* \voffset=0.0pt
* \mag=1000
* \@twocolumnfalse
* \@twosidefalse
* \@mparswitchfalse
* \@reversemarginfalse
* (1in=72.27pt=25.4mm, 1cm=28.453pt)

(d:/Dev/LatTeX/texlive/2023/texmf-dist/tex/context/base/mkii/supp-pdf.mkii
[Loading MPS to PDF converter (version 2006.09.02).]
\scratchcounter=\count314
\scratchdimen=\dimen296
\scratchbox=\box113
\nofMPsegments=\count315
\nofMParguments=\count316
\everyMPshowfont=\toks44
\MPscratchCnt=\count317
\MPscratchDim=\dimen297
\MPnumerator=\count318
\makeMPintoPDFobject=\count319
\everyMPtoPDFconversion=\toks45
) (d:/Dev/LatTeX/texlive/2023/texmf-dist/tex/latex/epstopdf-pkg/epstopdf-base.sty
Package: epstopdf-base 2020-01-24 v2.11 Base part for package epstopdf
Package epstopdf-base Info: Redefining graphics rule for `.eps' on input line 485.
 (d:/Dev/LatTeX/texlive/2023/texmf-dist/tex/latex/latexconfig/epstopdf-sys.cfg
File: epstopdf-sys.cfg 2010/07/13 v1.3 Configuration of (r)epstopdf for TeX Live
))

Package pgfplots Warning: running in backwards compatibility mode (unsuitable tick labels; missing features). Consider writing \pgfplotsset{compat=1.18} into your preamble.
 on input line 38.

\openout2 = `equations/equations.aux'.

(./equations/equations.tex
LaTeX Font Info:    Trying to load font information for U+msa on input line 10.
 (d:/Dev/LatTeX/texlive/2023/texmf-dist/tex/latex/amsfonts/umsa.fd
File: umsa.fd 2013/01/14 v3.01 AMS symbols A
)
LaTeX Font Info:    Trying to load font information for U+msb on input line 10.
 (d:/Dev/LatTeX/texlive/2023/texmf-dist/tex/latex/amsfonts/umsb.fd
File: umsb.fd 2013/01/14 v3.01 AMS symbols B
)
LaTeX Font Info:    Trying to load font information for U+rsfs on input line 10.
 (d:/Dev/LatTeX/texlive/2023/texmf-dist/tex/latex/jknapltx/ursfs.fd
File: ursfs.fd 1998/03/24 rsfs font definition file (jk)
)
Underfull \hbox (badness 10000) in paragraph at lines 24--26

 []


Underfull \hbox (badness 10000) in paragraph at lines 54--55
\OT1/cmr/m/n/12 zieren), Gle-ichung l^^?osen, Probe machen,
 []


Package fancyhdr Warning: \headheight is too small (12.0pt): 
(fancyhdr)                Make it at least 14.49998pt, for example:
(fancyhdr)                \setlength{\headheight}{14.49998pt}.
(fancyhdr)                You might also make \topmargin smaller to compensate:
(fancyhdr)                \addtolength{\topmargin}{-2.49998pt}.

[1{d:/Dev/LatTeX/texlive/2023/texmf-var/fonts/map/pdftex/updmap/pdftex.map}


]
Underfull \hbox (badness 10000) in paragraph at lines 82--88

 []


Underfull \hbox (badness 10000) in paragraph at lines 104--109
\OT1/cmr/m/n/12 Eine Un-gle-ichung, die sich durch
 []


Underfull \hbox (badness 10000) in paragraph at lines 104--109

 []


Package fancyhdr Warning: \headheight is too small (12.0pt): 
(fancyhdr)                Make it at least 14.49998pt, for example:
(fancyhdr)                \setlength{\headheight}{14.49998pt}.
(fancyhdr)                You might also make \topmargin smaller to compensate:
(fancyhdr)                \addtolength{\topmargin}{-2.49998pt}.

[2])
\openout2 = `functions/functions.aux'.

 (./functions/functions.tex
Underfull \hbox (badness 10000) in paragraph at lines 51--61
\OT1/cmr/m/n/10.95 Bei lin-earen Funk-tio-nen l^^?asst sich der y-
 []


Underfull \hbox (badness 10000) in paragraph at lines 51--61

 []


Underfull \hbox (badness 10000) in paragraph at lines 164--176

 []

NOTE: coordinate (1Y1.0e-2],3Y0.0e0]) has been dropped because it is unbounded (in y). (see also unbounded coords=jump). 
NOTE: coordinate (1Y6.0403e-2],3Y0.0e0]) has been dropped because it is unbounded (in y). (see also unbounded coords=jump). 
NOTE: coordinate (1Y1.10806e-1],3Y0.0e0]) has been dropped because it is unbounded (in y). (see also unbounded coords=jump). 
NOTE: coordinate (1Y1.61209e-1],3Y0.0e0]) has been dropped because it is unbounded (in y). (see also unbounded coords=jump). 
NOTE: coordinate (1Y2.11612e-1],3Y0.0e0]) has been dropped because it is unbounded (in y). (see also unbounded coords=jump). 
NOTE: coordinate (1Y2.62015e-1],3Y0.0e0]) has been dropped because it is unbounded (in y). (see also unbounded coords=jump). 
NOTE: coordinate (1Y3.12418e-1],3Y0.0e0]) has been dropped because it is unbounded (in y). (see also unbounded coords=jump). 
NOTE: coordinate (1Y3.62821e-1],3Y0.0e0]) has been dropped because it is unbounded (in y). (see also unbounded coords=jump). 
NOTE: coordinate (1Y4.13224e-1],3Y0.0e0]) has been dropped because it is unbounded (in y). (see also unbounded coords=jump). 
NOTE: coordinate (1Y4.63627e-1],3Y0.0e0]) has been dropped because it is unbounded (in y). (see also unbounded coords=jump). 
NOTE: coordinate (1Y5.1403e-1],3Y0.0e0]) has been dropped because it is unbounded (in y). (see also unbounded coords=jump). 
NOTE: coordinate (1Y5.64433e-1],3Y0.0e0]) has been dropped because it is unbounded (in y). (see also unbounded coords=jump). 
NOTE: coordinate (1Y6.14836e-1],3Y0.0e0]) has been dropped because it is unbounded (in y). (see also unbounded coords=jump). 
NOTE: coordinate (1Y6.65239e-1],3Y0.0e0]) has been dropped because it is unbounded (in y). (see also unbounded coords=jump). 
NOTE: coordinate (1Y7.15642e-1],3Y0.0e0]) has been dropped because it is unbounded (in y). (see also unbounded coords=jump). 
NOTE: coordinate (1Y7.66045e-1],3Y0.0e0]) has been dropped because it is unbounded (in y). (see also unbounded coords=jump). 
NOTE: coordinate (1Y8.16448e-1],3Y0.0e0]) has been dropped because it is unbounded (in y). (see also unbounded coords=jump). 
NOTE: coordinate (1Y8.66851e-1],3Y0.0e0]) has been dropped because it is unbounded (in y). (see also unbounded coords=jump). 
NOTE: coordinate (1Y9.17254e-1],3Y0.0e0]) has been dropped because it is unbounded (in y). (see also unbounded coords=jump). 
NOTE: coordinate (1Y9.67657e-1],3Y0.0e0]) has been dropped because it is unbounded (in y). (see also unbounded coords=jump). 
Missing character: There is no . in font nullfont!
Missing character: There is no 0 in font nullfont!
Missing character: There is no 1 in font nullfont!
Missing character: There is no p in font nullfont!
Missing character: There is no t in font nullfont!
NOTE: coordinate (1Y4.998914e-2],3Y0.0e0]) has been dropped because it is unbounded (in y). (see also unbounded coords=jump). 
NOTE: coordinate (1Y1.5098903e-1],3Y0.0e0]) has been dropped because it is unbounded (in y). (see also unbounded coords=jump). 
NOTE: coordinate (1Y2.5198892e-1],3Y0.0e0]) has been dropped because it is unbounded (in y). (see also unbounded coords=jump). 
NOTE: coordinate (1Y3.5298882e-1],3Y0.0e0]) has been dropped because it is unbounded (in y). (see also unbounded coords=jump). 
NOTE: coordinate (1Y4.5398871e-1],3Y0.0e0]) has been dropped because it is unbounded (in y). (see also unbounded coords=jump). 
NOTE: coordinate (1Y5.549886e-1],3Y0.0e0]) has been dropped because it is unbounded (in y). (see also unbounded coords=jump). 
NOTE: coordinate (1Y6.559885e-1],3Y0.0e0]) has been dropped because it is unbounded (in y). (see also unbounded coords=jump). 
NOTE: coordinate (1Y7.5698839e-1],3Y0.0e0]) has been dropped because it is unbounded (in y). (see also unbounded coords=jump). 
NOTE: coordinate (1Y8.5798828e-1],3Y0.0e0]) has been dropped because it is unbounded (in y). (see also unbounded coords=jump). 
NOTE: coordinate (1Y9.5898817e-1],3Y0.0e0]) has been dropped because it is unbounded (in y). (see also unbounded coords=jump). 
NOTE: coordinate (1Y1.05998807e0],3Y0.0e0]) has been dropped because it is unbounded (in y). (see also unbounded coords=jump). 
NOTE: coordinate (1Y1.1609879e0],3Y0.0e0]) has been dropped because it is unbounded (in y). (see also unbounded coords=jump). 
NOTE: coordinate (1Y1.2619876e0],3Y0.0e0]) has been dropped because it is unbounded (in y). (see also unbounded coords=jump). 
NOTE: coordinate (1Y1.3629874e0],3Y0.0e0]) has been dropped because it is unbounded (in y). (see also unbounded coords=jump). 
NOTE: coordinate (1Y1.4639871e0],3Y0.0e0]) has been dropped because it is unbounded (in y). (see also unbounded coords=jump). 
NOTE: coordinate (1Y1.5649869e0],3Y0.0e0]) has been dropped because it is unbounded (in y). (see also unbounded coords=jump). 
NOTE: coordinate (1Y1.6659866e0],3Y0.0e0]) has been dropped because it is unbounded (in y). (see also unbounded coords=jump). 
NOTE: coordinate (1Y1.7669864e0],3Y0.0e0]) has been dropped because it is unbounded (in y). (see also unbounded coords=jump). 
NOTE: coordinate (1Y1.8679861e0],3Y0.0e0]) has been dropped because it is unbounded (in y). (see also unbounded coords=jump). 
NOTE: coordinate (1Y1.9689859e0],3Y0.0e0]) has been dropped because it is unbounded (in y). (see also unbounded coords=jump). 
NOTE: coordinate (1Y2.0699857e0],3Y0.0e0]) has been dropped because it is unbounded (in y). (see also unbounded coords=jump). 
NOTE: coordinate (1Y2.1709854e0],3Y0.0e0]) has been dropped because it is unbounded (in y). (see also unbounded coords=jump). 
NOTE: coordinate (1Y2.2719852e0],3Y0.0e0]) has been dropped because it is unbounded (in y). (see also unbounded coords=jump). 
NOTE: coordinate (1Y2.372985e0],3Y0.0e0]) has been dropped because it is unbounded (in y). (see also unbounded coords=jump). 
NOTE: coordinate (1Y2.4739847e0],3Y0.0e0]) has been dropped because it is unbounded (in y). (see also unbounded coords=jump). 
NOTE: coordinate (1Y2.5749844e0],3Y0.0e0]) has been dropped because it is unbounded (in y). (see also unbounded coords=jump). 
NOTE: coordinate (1Y2.6759842e0],3Y0.0e0]) has been dropped because it is unbounded (in y). (see also unbounded coords=jump). 
NOTE: coordinate (1Y2.776984e0],3Y0.0e0]) has been dropped because it is unbounded (in y). (see also unbounded coords=jump). 
NOTE: coordinate (1Y2.8779837e0],3Y0.0e0]) has been dropped because it is unbounded (in y). (see also unbounded coords=jump). 
NOTE: coordinate (1Y2.9789835e0],3Y0.0e0]) has been dropped because it is unbounded (in y). (see also unbounded coords=jump). 
NOTE: coordinate (1Y3.0799832e0],3Y0.0e0]) has been dropped because it is unbounded (in y). (see also unbounded coords=jump). 
NOTE: coordinate (1Y3.180983e0],3Y0.0e0]) has been dropped because it is unbounded (in y). (see also unbounded coords=jump). 
NOTE: coordinate (1Y3.2819827e0],3Y0.0e0]) has been dropped because it is unbounded (in y). (see also unbounded coords=jump). 
NOTE: coordinate (1Y3.3829825e0],3Y0.0e0]) has been dropped because it is unbounded (in y). (see also unbounded coords=jump). 
NOTE: coordinate (1Y3.4839822e0],3Y0.0e0]) has been dropped because it is unbounded (in y). (see also unbounded coords=jump). 
NOTE: coordinate (1Y3.584982e0],3Y0.0e0]) has been dropped because it is unbounded (in y). (see also unbounded coords=jump). 
NOTE: coordinate (1Y3.6859818e0],3Y0.0e0]) has been dropped because it is unbounded (in y). (see also unbounded coords=jump). 
NOTE: coordinate (1Y3.7869815e0],3Y0.0e0]) has been dropped because it is unbounded (in y). (see also unbounded coords=jump). 
NOTE: coordinate (1Y3.8879813e0],3Y0.0e0]) has been dropped because it is unbounded (in y). (see also unbounded coords=jump). 
NOTE: coordinate (1Y3.988981e0],3Y0.0e0]) has been dropped because it is unbounded (in y). (see also unbounded coords=jump). 
NOTE: coordinate (1Y4.0899808e0],3Y0.0e0]) has been dropped because it is unbounded (in y). (see also unbounded coords=jump). 
NOTE: coordinate (1Y4.1909805e0],3Y0.0e0]) has been dropped because it is unbounded (in y). (see also unbounded coords=jump). 
NOTE: coordinate (1Y4.2919803e0],3Y0.0e0]) has been dropped because it is unbounded (in y). (see also unbounded coords=jump). 
NOTE: coordinate (1Y4.39298e0],3Y0.0e0]) has been dropped because it is unbounded (in y). (see also unbounded coords=jump). 
NOTE: coordinate (1Y4.4939798e0],3Y0.0e0]) has been dropped because it is unbounded (in y). (see also unbounded coords=jump). 
NOTE: coordinate (1Y4.5949796e0],3Y0.0e0]) has been dropped because it is unbounded (in y). (see also unbounded coords=jump). 
NOTE: coordinate (1Y4.6959793e0],3Y0.0e0]) has been dropped because it is unbounded (in y). (see also unbounded coords=jump). 
NOTE: coordinate (1Y4.796979e0],3Y0.0e0]) has been dropped because it is unbounded (in y). (see also unbounded coords=jump). 
NOTE: coordinate (1Y4.8979788e0],3Y0.0e0]) has been dropped because it is unbounded (in y). (see also unbounded coords=jump). 
NOTE: coordinate (1Y4.9989786e0],3Y0.0e0]) has been dropped because it is unbounded (in y). (see also unbounded coords=jump). 

Package fancyhdr Warning: \headheight is too small (12.0pt): 
(fancyhdr)                Make it at least 14.49998pt, for example:
(fancyhdr)                \setlength{\headheight}{14.49998pt}.
(fancyhdr)                You might also make \topmargin smaller to compensate:
(fancyhdr)                \addtolength{\topmargin}{-2.49998pt}.

[3



]
Underfull \hbox (badness 10000) in paragraph at lines 223--234
\OT1/cmr/m/n/10.95 Logarithmusfunktionen haben keinen y-
 []


Underfull \hbox (badness 10000) in paragraph at lines 223--234

 []


Underfull \hbox (badness 5105) in paragraph at lines 237--238
\OT1/cmr/m/n/10.95 Eine Funk-tion $\OML/cmm/m/it/10.95 f$ \OT1/cmr/m/n/10.95 mit der Funk-tion-s-gle-ichung
 []


Underfull \hbox (badness 10000) in paragraph at lines 237--238

 []


Underfull \hbox (badness 10000) in paragraph at lines 237--238

 []

Missing character: There is no . in font nullfont!
Missing character: There is no 0 in font nullfont!
Missing character: There is no 1 in font nullfont!
Missing character: There is no p in font nullfont!
Missing character: There is no t in font nullfont!
Missing character: There is no ; in font nullfont!
Missing character: There is no . in font nullfont!
Missing character: There is no 0 in font nullfont!
Missing character: There is no 1 in font nullfont!
Missing character: There is no p in font nullfont!
Missing character: There is no t in font nullfont!
Missing character: There is no ; in font nullfont!

Underfull \hbox (badness 10000) in paragraph at lines 270--273

 []


Overfull \hbox (8.10577pt too wide) detected at line 273
[]
 []

Missing character: There is no . in font nullfont!
Missing character: There is no 0 in font nullfont!
Missing character: There is no 1 in font nullfont!
Missing character: There is no p in font nullfont!
Missing character: There is no t in font nullfont!
Missing character: There is no ; in font nullfont!
Missing character: There is no . in font nullfont!
Missing character: There is no 0 in font nullfont!
Missing character: There is no 1 in font nullfont!
Missing character: There is no p in font nullfont!
Missing character: There is no t in font nullfont!
Missing character: There is no ; in font nullfont!

Overfull \hbox (5.91464pt too wide) in paragraph at lines 316--316
[]|$\OT1/cmr/m/n/12 (\OMS/cmsy/m/n/12 ^^@\OT1/cmr/m/n/12 1\OML/cmm/m/it/12 ; \OMS/cmsy/m/n/12 ^^@\OT1/cmr/m/n/12 1)$,$(0\OMS/cmsy/m/n/12 j\OT1/cmr/m/n/12 0)$,|  
 []


Package fancyhdr Warning: \headheight is too small (12.0pt): 
(fancyhdr)                Make it at least 14.49998pt, for example:
(fancyhdr)                \setlength{\headheight}{14.49998pt}.
(fancyhdr)                You might also make \topmargin smaller to compensate:
(fancyhdr)                \addtolength{\topmargin}{-2.49998pt}.

[4]
Missing character: There is no . in font nullfont!
Missing character: There is no 0 in font nullfont!
Missing character: There is no 1 in font nullfont!
Missing character: There is no p in font nullfont!
Missing character: There is no t in font nullfont!
Missing character: There is no ; in font nullfont!
Missing character: There is no . in font nullfont!
Missing character: There is no 0 in font nullfont!
Missing character: There is no 1 in font nullfont!
Missing character: There is no p in font nullfont!
Missing character: There is no t in font nullfont!
Missing character: There is no ; in font nullfont!

Underfull \hbox (badness 10000) in paragraph at lines 345--350

 []


Underfull \hbox (badness 10000) in paragraph at lines 345--350

 []


Underfull \hbox (badness 10000) in paragraph at lines 345--350

 []

Missing character: There is no . in font nullfont!
Missing character: There is no 0 in font nullfont!
Missing character: There is no 1 in font nullfont!
Missing character: There is no p in font nullfont!
Missing character: There is no t in font nullfont!
Missing character: There is no ; in font nullfont!
Missing character: There is no . in font nullfont!
Missing character: There is no 0 in font nullfont!
Missing character: There is no 1 in font nullfont!
Missing character: There is no p in font nullfont!
Missing character: There is no t in font nullfont!
Missing character: There is no ; in font nullfont!

Underfull \hbox (badness 10000) in paragraph at lines 376--380

 []


Underfull \hbox (badness 10000) in paragraph at lines 376--380

 []


Underfull \hbox (badness 10000) in paragraph at lines 376--380

 []


Underfull \hbox (badness 10000) in paragraph at lines 383--397

 []

NOTE: coordinate (0Y0.0e0],3Y0.0e0]) has been dropped because it is unbounded (in y). (see also unbounded coords=jump). 
NOTE: coordinate (1Y5.0504e-2],3Y0.0e0]) has been dropped because it is unbounded (in y). (see also unbounded coords=jump). 
NOTE: coordinate (1Y1.01007999e-1],3Y0.0e0]) has been dropped because it is unbounded (in y). (see also unbounded coords=jump). 
NOTE: coordinate (1Y1.51512e-1],3Y0.0e0]) has been dropped because it is unbounded (in y). (see also unbounded coords=jump). 
NOTE: coordinate (1Y2.0201599e-1],3Y0.0e0]) has been dropped because it is unbounded (in y). (see also unbounded coords=jump). 
NOTE: coordinate (1Y2.5251999e-1],3Y0.0e0]) has been dropped because it is unbounded (in y). (see also unbounded coords=jump). 
NOTE: coordinate (1Y3.0302399e-1],3Y0.0e0]) has been dropped because it is unbounded (in y). (see also unbounded coords=jump). 
NOTE: coordinate (1Y3.5352798e-1],3Y0.0e0]) has been dropped because it is unbounded (in y). (see also unbounded coords=jump). 
NOTE: coordinate (1Y4.0403198e-1],3Y0.0e0]) has been dropped because it is unbounded (in y). (see also unbounded coords=jump). 
NOTE: coordinate (1Y4.5453598e-1],3Y0.0e0]) has been dropped because it is unbounded (in y). (see also unbounded coords=jump). 
NOTE: coordinate (1Y5.0503998e-1],3Y0.0e0]) has been dropped because it is unbounded (in y). (see also unbounded coords=jump). 
NOTE: coordinate (1Y5.5554398e-1],3Y0.0e0]) has been dropped because it is unbounded (in y). (see also unbounded coords=jump). 
NOTE: coordinate (1Y6.0604797e-1],3Y0.0e0]) has been dropped because it is unbounded (in y). (see also unbounded coords=jump). 
NOTE: coordinate (1Y6.5655197e-1],3Y0.0e0]) has been dropped because it is unbounded (in y). (see also unbounded coords=jump). 
NOTE: coordinate (1Y7.0705597e-1],3Y0.0e0]) has been dropped because it is unbounded (in y). (see also unbounded coords=jump). 
NOTE: coordinate (1Y7.5755997e-1],3Y0.0e0]) has been dropped because it is unbounded (in y). (see also unbounded coords=jump). 
NOTE: coordinate (1Y8.0806396e-1],3Y0.0e0]) has been dropped because it is unbounded (in y). (see also unbounded coords=jump). 
NOTE: coordinate (1Y8.5856796e-1],3Y0.0e0]) has been dropped because it is unbounded (in y). (see also unbounded coords=jump). 
NOTE: coordinate (1Y9.0907196e-1],3Y0.0e0]) has been dropped because it is unbounded (in y). (see also unbounded coords=jump). 
NOTE: coordinate (1Y9.5957596e-1],3Y0.0e0]) has been dropped because it is unbounded (in y). (see also unbounded coords=jump). 
NOTE: coordinate (1Y5.0504e-2],3Y0.0e0]) has been dropped because it is unbounded (in y). (see also unbounded coords=jump). 
NOTE: coordinate (1Y1.01007999e-1],3Y0.0e0]) has been dropped because it is unbounded (in y). (see also unbounded coords=jump). 
NOTE: coordinate (1Y1.51512e-1],3Y0.0e0]) has been dropped because it is unbounded (in y). (see also unbounded coords=jump). 
NOTE: coordinate (1Y2.0201599e-1],3Y0.0e0]) has been dropped because it is unbounded (in y). (see also unbounded coords=jump). 
NOTE: coordinate (1Y2.5251999e-1],3Y0.0e0]) has been dropped because it is unbounded (in y). (see also unbounded coords=jump). 
NOTE: coordinate (1Y3.0302399e-1],3Y0.0e0]) has been dropped because it is unbounded (in y). (see also unbounded coords=jump). 
NOTE: coordinate (1Y3.5352798e-1],3Y0.0e0]) has been dropped because it is unbounded (in y). (see also unbounded coords=jump). 
NOTE: coordinate (1Y4.0403198e-1],3Y0.0e0]) has been dropped because it is unbounded (in y). (see also unbounded coords=jump). 
NOTE: coordinate (1Y4.5453598e-1],3Y0.0e0]) has been dropped because it is unbounded (in y). (see also unbounded coords=jump). 
NOTE: coordinate (1Y5.0503998e-1],3Y0.0e0]) has been dropped because it is unbounded (in y). (see also unbounded coords=jump). 
NOTE: coordinate (1Y5.5554398e-1],3Y0.0e0]) has been dropped because it is unbounded (in y). (see also unbounded coords=jump). 
NOTE: coordinate (1Y6.0604797e-1],3Y0.0e0]) has been dropped because it is unbounded (in y). (see also unbounded coords=jump). 
NOTE: coordinate (1Y6.5655197e-1],3Y0.0e0]) has been dropped because it is unbounded (in y). (see also unbounded coords=jump). 
NOTE: coordinate (1Y7.0705597e-1],3Y0.0e0]) has been dropped because it is unbounded (in y). (see also unbounded coords=jump). 
NOTE: coordinate (1Y7.5755997e-1],3Y0.0e0]) has been dropped because it is unbounded (in y). (see also unbounded coords=jump). 
NOTE: coordinate (1Y8.0806396e-1],3Y0.0e0]) has been dropped because it is unbounded (in y). (see also unbounded coords=jump). 
NOTE: coordinate (1Y8.5856796e-1],3Y0.0e0]) has been dropped because it is unbounded (in y). (see also unbounded coords=jump). 
NOTE: coordinate (1Y9.0907196e-1],3Y0.0e0]) has been dropped because it is unbounded (in y). (see also unbounded coords=jump). 
NOTE: coordinate (1Y9.5957596e-1],3Y0.0e0]) has been dropped because it is unbounded (in y). (see also unbounded coords=jump). 
NOTE: coordinate (1Y1.01007996e0],3Y0.0e0]) has been dropped because it is unbounded (in y). (see also unbounded coords=jump). 
NOTE: coordinate (1Y1.060584e0],3Y0.0e0]) has been dropped because it is unbounded (in y). (see also unbounded coords=jump). 
NOTE: coordinate (1Y1.111088e0],3Y0.0e0]) has been dropped because it is unbounded (in y). (see also unbounded coords=jump). 
NOTE: coordinate (1Y1.161592e0],3Y0.0e0]) has been dropped because it is unbounded (in y). (see also unbounded coords=jump). 
NOTE: coordinate (1Y1.212096e0],3Y0.0e0]) has been dropped because it is unbounded (in y). (see also unbounded coords=jump). 
NOTE: coordinate (1Y1.2626e0],3Y0.0e0]) has been dropped because it is unbounded (in y). (see also unbounded coords=jump). 
NOTE: coordinate (1Y1.313104e0],3Y0.0e0]) has been dropped because it is unbounded (in y). (see also unbounded coords=jump). 
NOTE: coordinate (1Y1.363608e0],3Y0.0e0]) has been dropped because it is unbounded (in y). (see also unbounded coords=jump). 
NOTE: coordinate (1Y1.414112e0],3Y0.0e0]) has been dropped because it is unbounded (in y). (see also unbounded coords=jump). 
NOTE: coordinate (1Y1.464616e0],3Y0.0e0]) has been dropped because it is unbounded (in y). (see also unbounded coords=jump). 
NOTE: coordinate (1Y1.51512e0],3Y0.0e0]) has been dropped because it is unbounded (in y). (see also unbounded coords=jump). 
NOTE: coordinate (1Y1.565624e0],3Y0.0e0]) has been dropped because it is unbounded (in y). (see also unbounded coords=jump). 
NOTE: coordinate (1Y1.616128e0],3Y0.0e0]) has been dropped because it is unbounded (in y). (see also unbounded coords=jump). 
NOTE: coordinate (1Y1.666632e0],3Y0.0e0]) has been dropped because it is unbounded (in y). (see also unbounded coords=jump). 
NOTE: coordinate (1Y1.717136e0],3Y0.0e0]) has been dropped because it is unbounded (in y). (see also unbounded coords=jump). 
NOTE: coordinate (1Y1.7676399e0],3Y0.0e0]) has been dropped because it is unbounded (in y). (see also unbounded coords=jump). 
NOTE: coordinate (1Y1.8181439e0],3Y0.0e0]) has been dropped because it is unbounded (in y). (see also unbounded coords=jump). 
NOTE: coordinate (1Y1.8686479e0],3Y0.0e0]) has been dropped because it is unbounded (in y). (see also unbounded coords=jump). 
NOTE: coordinate (1Y1.9191519e0],3Y0.0e0]) has been dropped because it is unbounded (in y). (see also unbounded coords=jump). 
NOTE: coordinate (1Y1.9696559e0],3Y0.0e0]) has been dropped because it is unbounded (in y). (see also unbounded coords=jump). 
NOTE: coordinate (1Y2.0201599e0],3Y0.0e0]) has been dropped because it is unbounded (in y). (see also unbounded coords=jump). 
NOTE: coordinate (1Y2.0706639e0],3Y0.0e0]) has been dropped because it is unbounded (in y). (see also unbounded coords=jump). 
NOTE: coordinate (1Y2.1211679e0],3Y0.0e0]) has been dropped because it is unbounded (in y). (see also unbounded coords=jump). 
NOTE: coordinate (1Y2.1716719e0],3Y0.0e0]) has been dropped because it is unbounded (in y). (see also unbounded coords=jump). 
NOTE: coordinate (1Y2.2221759e0],3Y0.0e0]) has been dropped because it is unbounded (in y). (see also unbounded coords=jump). 
NOTE: coordinate (1Y2.2726799e0],3Y0.0e0]) has been dropped because it is unbounded (in y). (see also unbounded coords=jump). 
NOTE: coordinate (1Y2.3231839e0],3Y0.0e0]) has been dropped because it is unbounded (in y). (see also unbounded coords=jump). 
NOTE: coordinate (1Y2.3736879e0],3Y0.0e0]) has been dropped because it is unbounded (in y). (see also unbounded coords=jump). 
NOTE: coordinate (1Y2.4241919e0],3Y0.0e0]) has been dropped because it is unbounded (in y). (see also unbounded coords=jump). 
NOTE: coordinate (1Y2.4746959e0],3Y0.0e0]) has been dropped because it is unbounded (in y). (see also unbounded coords=jump). 
NOTE: coordinate (1Y2.5251999e0],3Y0.0e0]) has been dropped because it is unbounded (in y). (see also unbounded coords=jump). 
NOTE: coordinate (1Y2.5757039e0],3Y0.0e0]) has been dropped because it is unbounded (in y). (see also unbounded coords=jump). 
NOTE: coordinate (1Y2.6262079e0],3Y0.0e0]) has been dropped because it is unbounded (in y). (see also unbounded coords=jump). 
NOTE: coordinate (1Y2.6767119e0],3Y0.0e0]) has been dropped because it is unbounded (in y). (see also unbounded coords=jump). 
NOTE: coordinate (1Y2.7272159e0],3Y0.0e0]) has been dropped because it is unbounded (in y). (see also unbounded coords=jump). 
NOTE: coordinate (1Y2.7777199e0],3Y0.0e0]) has been dropped because it is unbounded (in y). (see also unbounded coords=jump). 
NOTE: coordinate (1Y2.8282239e0],3Y0.0e0]) has been dropped because it is unbounded (in y). (see also unbounded coords=jump). 
NOTE: coordinate (1Y2.8787279e0],3Y0.0e0]) has been dropped because it is unbounded (in y). (see also unbounded coords=jump). 
NOTE: coordinate (1Y2.9292319e0],3Y0.0e0]) has been dropped because it is unbounded (in y). (see also unbounded coords=jump). 
NOTE: coordinate (1Y2.9797359e0],3Y0.0e0]) has been dropped because it is unbounded (in y). (see also unbounded coords=jump). 
NOTE: coordinate (1Y3.0302399e0],3Y0.0e0]) has been dropped because it is unbounded (in y). (see also unbounded coords=jump). 
NOTE: coordinate (1Y3.0807439e0],3Y0.0e0]) has been dropped because it is unbounded (in y). (see also unbounded coords=jump). 
NOTE: coordinate (1Y3.1312479e0],3Y0.0e0]) has been dropped because it is unbounded (in y). (see also unbounded coords=jump). 
NOTE: coordinate (1Y3.1817519e0],3Y0.0e0]) has been dropped because it is unbounded (in y). (see also unbounded coords=jump). 
NOTE: coordinate (1Y3.2322559e0],3Y0.0e0]) has been dropped because it is unbounded (in y). (see also unbounded coords=jump). 
NOTE: coordinate (1Y3.2827599e0],3Y0.0e0]) has been dropped because it is unbounded (in y). (see also unbounded coords=jump). 
NOTE: coordinate (1Y3.3332639e0],3Y0.0e0]) has been dropped because it is unbounded (in y). (see also unbounded coords=jump). 
NOTE: coordinate (1Y3.3837679e0],3Y0.0e0]) has been dropped because it is unbounded (in y). (see also unbounded coords=jump). 
NOTE: coordinate (1Y3.4342719e0],3Y0.0e0]) has been dropped because it is unbounded (in y). (see also unbounded coords=jump). 
NOTE: coordinate (1Y3.4847758e0],3Y0.0e0]) has been dropped because it is unbounded (in y). (see also unbounded coords=jump). 
NOTE: coordinate (1Y3.5352798e0],3Y0.0e0]) has been dropped because it is unbounded (in y). (see also unbounded coords=jump). 
NOTE: coordinate (1Y3.5857838e0],3Y0.0e0]) has been dropped because it is unbounded (in y). (see also unbounded coords=jump). 
NOTE: coordinate (1Y3.6362878e0],3Y0.0e0]) has been dropped because it is unbounded (in y). (see also unbounded coords=jump). 
NOTE: coordinate (1Y3.6867918e0],3Y0.0e0]) has been dropped because it is unbounded (in y). (see also unbounded coords=jump). 
NOTE: coordinate (1Y3.7372958e0],3Y0.0e0]) has been dropped because it is unbounded (in y). (see also unbounded coords=jump). 
NOTE: coordinate (1Y3.7877998e0],3Y0.0e0]) has been dropped because it is unbounded (in y). (see also unbounded coords=jump). 
NOTE: coordinate (1Y3.8383038e0],3Y0.0e0]) has been dropped because it is unbounded (in y). (see also unbounded coords=jump). 
NOTE: coordinate (1Y3.8888078e0],3Y0.0e0]) has been dropped because it is unbounded (in y). (see also unbounded coords=jump). 
NOTE: coordinate (1Y3.9393118e0],3Y0.0e0]) has been dropped because it is unbounded (in y). (see also unbounded coords=jump). 
NOTE: coordinate (1Y3.9898158e0],3Y0.0e0]) has been dropped because it is unbounded (in y). (see also unbounded coords=jump). 
NOTE: coordinate (1Y4.0403198e0],3Y0.0e0]) has been dropped because it is unbounded (in y). (see also unbounded coords=jump). 
NOTE: coordinate (1Y4.0908238e0],3Y0.0e0]) has been dropped because it is unbounded (in y). (see also unbounded coords=jump). 
NOTE: coordinate (1Y4.1413278e0],3Y0.0e0]) has been dropped because it is unbounded (in y). (see also unbounded coords=jump). 
NOTE: coordinate (1Y4.1918318e0],3Y0.0e0]) has been dropped because it is unbounded (in y). (see also unbounded coords=jump). 
NOTE: coordinate (1Y4.2423358e0],3Y0.0e0]) has been dropped because it is unbounded (in y). (see also unbounded coords=jump). 
NOTE: coordinate (1Y4.2928398e0],3Y0.0e0]) has been dropped because it is unbounded (in y). (see also unbounded coords=jump). 
NOTE: coordinate (1Y4.3433438e0],3Y0.0e0]) has been dropped because it is unbounded (in y). (see also unbounded coords=jump). 
NOTE: coordinate (1Y4.3938478e0],3Y0.0e0]) has been dropped because it is unbounded (in y). (see also unbounded coords=jump). 
NOTE: coordinate (1Y4.4443518e0],3Y0.0e0]) has been dropped because it is unbounded (in y). (see also unbounded coords=jump). 
NOTE: coordinate (1Y4.4948558e0],3Y0.0e0]) has been dropped because it is unbounded (in y). (see also unbounded coords=jump). 
NOTE: coordinate (1Y4.5453598e0],3Y0.0e0]) has been dropped because it is unbounded (in y). (see also unbounded coords=jump). 
NOTE: coordinate (1Y4.5958638e0],3Y0.0e0]) has been dropped because it is unbounded (in y). (see also unbounded coords=jump). 
NOTE: coordinate (1Y4.6463678e0],3Y0.0e0]) has been dropped because it is unbounded (in y). (see also unbounded coords=jump). 
NOTE: coordinate (1Y4.6968718e0],3Y0.0e0]) has been dropped because it is unbounded (in y). (see also unbounded coords=jump). 
NOTE: coordinate (1Y4.7473758e0],3Y0.0e0]) has been dropped because it is unbounded (in y). (see also unbounded coords=jump). 
NOTE: coordinate (1Y4.7978798e0],3Y0.0e0]) has been dropped because it is unbounded (in y). (see also unbounded coords=jump). 
NOTE: coordinate (1Y4.8483838e0],3Y0.0e0]) has been dropped because it is unbounded (in y). (see also unbounded coords=jump). 
NOTE: coordinate (1Y4.8988878e0],3Y0.0e0]) has been dropped because it is unbounded (in y). (see also unbounded coords=jump). 
NOTE: coordinate (1Y4.9493918e0],3Y0.0e0]) has been dropped because it is unbounded (in y). (see also unbounded coords=jump). 
NOTE: coordinate (1Y4.9998958e0],3Y0.0e0]) has been dropped because it is unbounded (in y). (see also unbounded coords=jump). 

Underfull \hbox (badness 10000) in paragraph at lines 446--452

 []

Missing character: There is no . in font nullfont!
Missing character: There is no 0 in font nullfont!
Missing character: There is no 1 in font nullfont!
Missing character: There is no p in font nullfont!
Missing character: There is no t in font nullfont!
Missing character: There is no ; in font nullfont!
Missing character: There is no . in font nullfont!
Missing character: There is no 0 in font nullfont!
Missing character: There is no 1 in font nullfont!
Missing character: There is no p in font nullfont!
Missing character: There is no t in font nullfont!
Missing character: There is no ; in font nullfont!
Missing character: There is no . in font nullfont!
Missing character: There is no 0 in font nullfont!
Missing character: There is no 1 in font nullfont!
Missing character: There is no p in font nullfont!
Missing character: There is no t in font nullfont!
Missing character: There is no ; in font nullfont!
Missing character: There is no . in font nullfont!
Missing character: There is no 0 in font nullfont!
Missing character: There is no 1 in font nullfont!
Missing character: There is no p in font nullfont!
Missing character: There is no t in font nullfont!
Missing character: There is no ; in font nullfont!

Package fancyhdr Warning: \headheight is too small (12.0pt): 
(fancyhdr)                Make it at least 14.49998pt, for example:
(fancyhdr)                \setlength{\headheight}{14.49998pt}.
(fancyhdr)                You might also make \topmargin smaller to compensate:
(fancyhdr)                \addtolength{\topmargin}{-2.49998pt}.

[5]
Missing character: There is no . in font nullfont!
Missing character: There is no 0 in font nullfont!
Missing character: There is no 1 in font nullfont!
Missing character: There is no p in font nullfont!
Missing character: There is no t in font nullfont!
Missing character: There is no ; in font nullfont!
Missing character: There is no . in font nullfont!
Missing character: There is no 0 in font nullfont!
Missing character: There is no 1 in font nullfont!
Missing character: There is no p in font nullfont!
Missing character: There is no t in font nullfont!
Missing character: There is no ; in font nullfont!
Missing character: There is no . in font nullfont!
Missing character: There is no 0 in font nullfont!
Missing character: There is no 1 in font nullfont!
Missing character: There is no p in font nullfont!
Missing character: There is no t in font nullfont!
Missing character: There is no ; in font nullfont!
Missing character: There is no . in font nullfont!
Missing character: There is no 0 in font nullfont!
Missing character: There is no 1 in font nullfont!
Missing character: There is no p in font nullfont!
Missing character: There is no t in font nullfont!
Missing character: There is no ; in font nullfont!
Missing character: There is no ; in font nullfont!
Missing character: There is no ; in font nullfont!

Underfull \hbox (badness 10000) in paragraph at lines 566--567

 []

Missing character: There is no ; in font nullfont!

Underfull \hbox (badness 10000) in paragraph at lines 571--604
\OT1/cmr/m/n/10.95 Wegen Z^^?ahlergrad < Nen-ner-grad ist
 []


Underfull \hbox (badness 10000) in paragraph at lines 571--604
\OT1/cmr/m/n/10.95 die x-Achse die waa-grechte Asymp-tote.
 []


Underfull \hbox (badness 10000) in paragraph at lines 571--604

 []


Package fancyhdr Warning: \headheight is too small (12.0pt): 
(fancyhdr)                Make it at least 14.49998pt, for example:
(fancyhdr)                \setlength{\headheight}{14.49998pt}.
(fancyhdr)                You might also make \topmargin smaller to compensate:
(fancyhdr)                \addtolength{\topmargin}{-2.49998pt}.

[6])
\openout2 = `trig/trig.aux'.

 (./trig/trig.tex
<trig/trig1.PNG, id=47, 301.125pt x 300.3722pt>
File: trig/trig1.PNG Graphic file (type png)
<use trig/trig1.PNG>
Package pdftex.def Info: trig/trig1.PNG  used on input line 94.
(pdftex.def)             Requested size: 180.67638pt x 180.22469pt.
File: trig/trig1.PNG Graphic file (type png)
<use trig/trig1.PNG>
Package pdftex.def Info: trig/trig1.PNG  used on input line 94.
(pdftex.def)             Requested size: 180.67638pt x 180.22469pt.
<trig/trig2.PNG, id=49, 214.55156pt x 133.24782pt>
File: trig/trig2.PNG Graphic file (type png)
<use trig/trig2.PNG>
Package pdftex.def Info: trig/trig2.PNG  used on input line 98.
(pdftex.def)             Requested size: 128.73192pt x 79.9493pt.
File: trig/trig2.PNG Graphic file (type png)
<use trig/trig2.PNG>
Package pdftex.def Info: trig/trig2.PNG  used on input line 98.
(pdftex.def)             Requested size: 128.73192pt x 79.9493pt.

Overfull \vbox (8.25163pt too high) has occurred while \output is active []


Overfull \vbox (8.25163pt too high) has occurred while \output is active []



Package fancyhdr Warning: \headheight is too small (12.0pt): 
(fancyhdr)                Make it at least 14.49998pt, for example:
(fancyhdr)                \setlength{\headheight}{14.49998pt}.
(fancyhdr)                You might also make \topmargin smaller to compensate:
(fancyhdr)                \addtolength{\topmargin}{-2.49998pt}.

[7



 <./trig/trig1.PNG> <./trig/trig2.PNG>])
\openout2 = `vectors/vectors.aux'.

 (./vectors/vectors.tex
Underfull \hbox (badness 10000) in paragraph at lines 38--42

 []


Underfull \hbox (badness 10000) in paragraph at lines 57--58
\OT1/cmr/m/n/10.95 Das Skalarpro-dukt ist eine math-e-ma-tis-che
 []


Package fancyhdr Warning: \headheight is too small (12.0pt): 
(fancyhdr)                Make it at least 14.49998pt, for example:
(fancyhdr)                \setlength{\headheight}{14.49998pt}.
(fancyhdr)                You might also make \topmargin smaller to compensate:
(fancyhdr)                \addtolength{\topmargin}{-2.49998pt}.

[8



]) (./math.aux (./equations/equations.aux) (./functions/functions.aux) (./trig/trig.aux) (./vectors/vectors.aux)) ) 
Here is how much of TeX's memory you used:
 25229 strings out of 476038
 649927 string characters out of 5788685
 1924779 words of memory out of 5000000
 45238 multiletter control sequences out of 15000+600000
 526835 words of font info for 89 fonts, out of 8000000 for 9000
 1141 hyphenation exceptions out of 8191
 99i,18n,103p,791b,2317s stack positions out of 10000i,1000n,20000p,200000b,200000s
<d:/Dev/LatTeX/texlive/2023/texmf-dist/fonts/type1/public/amsfonts/cm/cmbsy10.pfb><d:/Dev/LatTeX/texlive/2023/texmf-dist/fonts/type1/public/amsfonts/cmextra/cmbsy8.pfb><d:/Dev/LatTeX/texlive/2023/texmf-dist/fonts/type1/public/amsfonts/cm/cmbx10.pfb><d:/Dev/LatTeX/texlive/2023/texmf-dist/fonts/type1/public/amsfonts/cm/cmbx12.pfb><d:/Dev/LatTeX/texlive/2023/texmf-dist/fonts/type1/public/amsfonts/cm/cmex10.pfb><d:/Dev/LatTeX/texlive/2023/texmf-dist/fonts/type1/public/amsfonts/cm/cmmi10.pfb><d:/Dev/LatTeX/texlive/2023/texmf-dist/fonts/type1/public/amsfonts/cm/cmmi12.pfb><d:/Dev/LatTeX/texlive/2023/texmf-dist/fonts/type1/public/amsfonts/cm/cmmi6.pfb><d:/Dev/LatTeX/texlive/2023/texmf-dist/fonts/type1/public/amsfonts/cm/cmmi7.pfb><d:/Dev/LatTeX/texlive/2023/texmf-dist/fonts/type1/public/amsfonts/cm/cmmi8.pfb><d:/Dev/LatTeX/texlive/2023/texmf-dist/fonts/type1/public/amsfonts/cm/cmmib10.pfb><d:/Dev/LatTeX/texlive/2023/texmf-dist/fonts/type1/public/amsfonts/cmextra/cmmib8.pfb><d:/Dev/LatTeX/texlive/2023/texmf-dist/fonts/type1/public/amsfonts/cm/cmr10.pfb><d:/Dev/LatTeX/texlive/2023/texmf-dist/fonts/type1/public/amsfonts/cm/cmr12.pfb><d:/Dev/LatTeX/texlive/2023/texmf-dist/fonts/type1/public/amsfonts/cm/cmr6.pfb><d:/Dev/LatTeX/texlive/2023/texmf-dist/fonts/type1/public/amsfonts/cm/cmr7.pfb><d:/Dev/LatTeX/texlive/2023/texmf-dist/fonts/type1/public/amsfonts/cm/cmr8.pfb><d:/Dev/LatTeX/texlive/2023/texmf-dist/fonts/type1/public/amsfonts/cm/cmss12.pfb><d:/Dev/LatTeX/texlive/2023/texmf-dist/fonts/type1/public/amsfonts/cm/cmssbx10.pfb><d:/Dev/LatTeX/texlive/2023/texmf-dist/fonts/type1/public/amsfonts/cm/cmsy10.pfb><d:/Dev/LatTeX/texlive/2023/texmf-dist/fonts/type1/public/amsfonts/cm/cmsy6.pfb><d:/Dev/LatTeX/texlive/2023/texmf-dist/fonts/type1/public/amsfonts/cm/cmsy7.pfb><d:/Dev/LatTeX/texlive/2023/texmf-dist/fonts/type1/public/amsfonts/cm/cmsy8.pfb><d:/Dev/LatTeX/texlive/2023/texmf-dist/fonts/type1/public/amsfonts/symbols/msbm10.pfb>
Output written on math.pdf (8 pages, 346067 bytes).
PDF statistics:
 159 PDF objects out of 1000 (max. 8388607)
 96 compressed objects within 1 object stream
 0 named destinations out of 1000 (max. 500000)
 23 words of extra memory for PDF output out of 10000 (max. 10000000)

